{
  "RSpec": {
    "coverage": {
      "/Users/chelseajohnson/Documents/turing/3module/purrrsonality_test/app/helpers/application_helper.rb": [
        1,
        null
      ],
      "/Users/chelseajohnson/Documents/turing/3module/purrrsonality_test/app/controllers/home_controller.rb": [
        1,
        null,
        1,
        null,
        null,
        null
      ],
      "/Users/chelseajohnson/Documents/turing/3module/purrrsonality_test/app/controllers/application_controller.rb": [
        1,
        null,
        null,
        1,
        null
      ]
    },
    "timestamp": 1461002536
  }
}
