{
  "RSpec": {
    "coverage": {
      "/Users/chelseajohnson/Documents/turing/3module/purrrsonality_test/app/helpers/application_helper.rb": [
        1,
        null
      ],
      "/Users/chelseajohnson/Documents/turing/3module/purrrsonality_test/app/models/cat.rb": [
        1,
        1,
        null
      ],
      "/Users/chelseajohnson/Documents/turing/3module/purrrsonality_test/app/models/user.rb": [
        1,
        1,
        null,
        1,
        1,
        1,
        1,
        1,
        1,
        1,
        null,
        null,
        null
      ],
      "/Users/chelseajohnson/Documents/turing/3module/purrrsonality_test/app/controllers/shironeko_controller.rb": [
        1,
        1,
        1,
        1,
        null,
        null,
        null,
        null
      ],
      "/Users/chelseajohnson/Documents/turing/3module/purrrsonality_test/app/controllers/application_controller.rb": [
        1,
        1,
        1,
        1,
        null,
        1,
        15,
        null,
        null,
        1,
        41,
        41,
        41,
        41,
        41,
        null,
        41,
        null,
        null,
        null,
        null,
        null,
        null,
        null,
        null,
        null,
        null,
        null,
        null,
        null,
        null,
        null,
        41,
        null,
        41,
        null,
        null
      ],
      "/Users/chelseajohnson/Documents/turing/3module/purrrsonality_test/app/controllers/colonel_controller.rb": [
        1,
        1,
        1,
        1,
        null,
        null,
        null,
        null
      ],
      "/Users/chelseajohnson/Documents/turing/3module/purrrsonality_test/app/controllers/newspaper_controller.rb": [
        1,
        1,
        1,
        1,
        null,
        null,
        null,
        null
      ],
      "/Users/chelseajohnson/Documents/turing/3module/purrrsonality_test/app/controllers/lilbub_controller.rb": [
        1,
        1,
        1,
        1,
        null,
        null,
        null,
        null
      ],
      "/Users/chelseajohnson/Documents/turing/3module/purrrsonality_test/app/controllers/keyboard_controller.rb": [
        1,
        1,
        1,
        1,
        null,
        null,
        null,
        null
      ],
      "/Users/chelseajohnson/Documents/turing/3module/purrrsonality_test/app/controllers/grumpy_controller.rb": [
        1,
        1,
        1,
        1,
        null,
        null,
        null,
        null
      ],
      "/Users/chelseajohnson/Documents/turing/3module/purrrsonality_test/app/controllers/home_controller.rb": [
        1,
        null,
        1,
        null,
        null
      ],
      "/Users/chelseajohnson/Documents/turing/3module/purrrsonality_test/app/controllers/sessions_controller.rb": [
        1,
        null,
        1,
        1,
        1,
        null,
        1,
        null,
        null,
        1,
        1,
        1,
        null,
        null
      ],
      "/Users/chelseajohnson/Documents/turing/3module/purrrsonality_test/app/controllers/users_controller.rb": [
        1,
        1,
        2,
        1,
        null,
        null,
        null,
        1,
        9,
        9,
        9,
        null,
        null,
        null,
        null
      ],
      "/Users/chelseajohnson/Documents/turing/3module/purrrsonality_test/app/controllers/about_controller.rb": [
        1,
        1,
        null,
        null,
        null
      ]
    },
    "timestamp": 1461794167
  }
}
